Using pre-set license
Built from '2021.3/staging' branch; Version is '2021.3.26f1 (a16dc32e0ff2) revision 10579395'; Using compiler version '192829333'; Build Type 'Release'
OS: 'Windows 10  (10.0.19045) 64bit Core' Language: 'en' Physical Memory: 16145 MB
BatchMode: 1, IsHumanControllingUs: 0, StartBugReporterOnCrash: 0, Is64bit: 1, IsPro: 1

COMMAND LINE ARGUMENTS:
C:\Program Files\Unity\Hub\Editor\2021.3.26f1\Editor\Unity.exe
-adb2
-batchMode
-noUpm
-name
AssetImportWorker4
-projectPath
C:/Users/nevil/fantasy desert
-logFile
Logs/AssetImportWorker4.log
-srvPort
54317
Successfully changed project path to: C:/Users/nevil/fantasy desert
C:/Users/nevil/fantasy desert
[UnityMemory] Configuration Parameters - Can be set up in boot.config
    "memorysetup-bucket-allocator-granularity=16"
    "memorysetup-bucket-allocator-bucket-count=8"
    "memorysetup-bucket-allocator-block-size=33554432"
    "memorysetup-bucket-allocator-block-count=8"
    "memorysetup-main-allocator-block-size=16777216"
    "memorysetup-thread-allocator-block-size=16777216"
    "memorysetup-gfx-main-allocator-block-size=16777216"
    "memorysetup-gfx-thread-allocator-block-size=16777216"
    "memorysetup-cache-allocator-block-size=4194304"
    "memorysetup-typetree-allocator-block-size=2097152"
    "memorysetup-profiler-bucket-allocator-granularity=16"
    "memorysetup-profiler-bucket-allocator-bucket-count=8"
    "memorysetup-profiler-bucket-allocator-block-size=33554432"
    "memorysetup-profiler-bucket-allocator-block-count=8"
    "memorysetup-profiler-allocator-block-size=16777216"
    "memorysetup-profiler-editor-allocator-block-size=1048576"
    "memorysetup-temp-allocator-size-main=16777216"
    "memorysetup-job-temp-allocator-block-size=2097152"
    "memorysetup-job-temp-allocator-block-size-background=1048576"
    "memorysetup-job-temp-allocator-reduction-small-platforms=262144"
    "memorysetup-temp-allocator-size-background-worker=32768"
    "memorysetup-temp-allocator-size-job-worker=262144"
    "memorysetup-temp-allocator-size-preload-manager=33554432"
    "memorysetup-temp-allocator-size-nav-mesh-worker=65536"
    "memorysetup-temp-allocator-size-audio-worker=65536"
    "memorysetup-temp-allocator-size-cloud-worker=32768"
    "memorysetup-temp-allocator-size-gi-baking-worker=262144"
    "memorysetup-temp-allocator-size-gfx=262144"
Player connection [32960] Host "[IP] 10.8.141.101 [Port] 0 [Flags] 2 [Guid] 3348307523 [EditorId] 3348307523 [Version] 1048832 [Id] WindowsEditor(7,DESKTOP-T367IMD) [Debug] 1 [PackageName] WindowsEditor [ProjectName] Editor" joined multi-casting on [225.0.0.222:54997]...

Player connection [32960] Host "[IP] 10.8.141.101 [Port] 0 [Flags] 2 [Guid] 3348307523 [EditorId] 3348307523 [Version] 1048832 [Id] WindowsEditor(7,DESKTOP-T367IMD) [Debug] 1 [PackageName] WindowsEditor [ProjectName] Editor" joined alternative multi-casting on [225.0.0.222:34997]...

Refreshing native plugins compatible for Editor in 116.93 ms, found 3 plugins.
Preloading 0 native plugins for Editor in 0.00 ms.
Initialize engine version: 2021.3.26f1 (a16dc32e0ff2)
[Subsystems] Discovering subsystems at path C:/Program Files/Unity/Hub/Editor/2021.3.26f1/Editor/Data/Resources/UnitySubsystems
[Subsystems] Discovering subsystems at path C:/Users/nevil/fantasy desert/Assets
GfxDevice: creating device client; threaded=0; jobified=0
Direct3D:
    Version:  Direct3D 11.0 [level 11.1]
    Renderer: NVIDIA GeForce RTX 2060 (ID=0x1f15)
    Vendor:   NVIDIA
    VRAM:     5968 MB
    Driver:   31.0.15.2879
Initialize mono
Mono path[0] = 'C:/Program Files/Unity/Hub/Editor/2021.3.26f1/Editor/Data/Managed'
Mono path[1] = 'C:/Program Files/Unity/Hub/Editor/2021.3.26f1/Editor/Data/MonoBleedingEdge/lib/mono/unityjit-win32'
Mono config path = 'C:/Program Files/Unity/Hub/Editor/2021.3.26f1/Editor/Data/MonoBleedingEdge/etc'
Using monoOptions --debugger-agent=transport=dt_socket,embedding=1,server=y,suspend=n,address=127.0.0.1:56280
Begin MonoManager ReloadAssembly
Registering precompiled unity dll's ...
Register platform support module: C:/Program Files/Unity/Hub/Editor/2021.3.26f1/Editor/Data/PlaybackEngines/WebGLSupport/UnityEditor.WebGL.Extensions.dll
Register platform support module: C:/Program Files/Unity/Hub/Editor/2021.3.26f1/Editor/Data/PlaybackEngines/WindowsStandaloneSupport/UnityEditor.WindowsStandalone.Extensions.dll
Registered in 0.010457 seconds.
Native extension for WindowsStandalone target not found
Native extension for WebGL target not found
Refreshing native plugins compatible for Editor in 99.93 ms, found 3 plugins.
Preloading 0 native plugins for Editor in 0.00 ms.
Mono: successfully reloaded assembly
- Completed reload, in  0.700 seconds
Domain Reload Profiling:
	ReloadAssembly (701ms)
		BeginReloadAssembly (102ms)
			ExecutionOrderSort (0ms)
			DisableScriptedObjects (0ms)
			BackupInstance (0ms)
			ReleaseScriptingObjects (0ms)
			CreateAndSetChildDomain (1ms)
		EndReloadAssembly (481ms)
			LoadAssemblies (99ms)
			RebuildTransferFunctionScriptingTraits (0ms)
			SetupTypeCache (118ms)
			ReleaseScriptCaches (0ms)
			RebuildScriptCaches (27ms)
			SetupLoadedEditorAssemblies (286ms)
				LogAssemblyErrors (0ms)
				InitializePlatformSupportModulesInManaged (10ms)
				SetLoadedEditorAssemblies (0ms)
				RefreshPlugins (100ms)
				BeforeProcessingInitializeOnLoad (1ms)
				ProcessInitializeOnLoadAttributes (131ms)
				ProcessInitializeOnLoadMethodAttributes (44ms)
				AfterProcessingInitializeOnLoad (0ms)
				EditorAssembliesLoaded (0ms)
			ExecutionOrderSort2 (0ms)
			AwakeInstancesAfterBackupRestoration (0ms)
Platform modules already initialized, skipping
Registering precompiled user dll's ...
Registered in 0.009385 seconds.
Begin MonoManager ReloadAssembly
Symbol file LoadedFromMemory doesn't match image C:\Users\nevil\fantasy desert\Library\PackageCache\com.unity.visualscripting@1.8.0\Editor\VisualScripting.Core\Dependencies\YamlDotNet\Unity.VisualScripting.YamlDotNet.dll
Symbol file LoadedFromMemory doesn't match image C:\Users\nevil\fantasy desert\Library\PackageCache\com.unity.visualscripting@1.8.0\Editor\VisualScripting.Core\Dependencies\DotNetZip\Unity.VisualScripting.IonicZip.dll
Native extension for WindowsStandalone target not found
Native extension for WebGL target not found
Refreshing native plugins compatible for Editor in 121.43 ms, found 3 plugins.
Preloading 0 native plugins for Editor in 0.00 ms.
Mono: successfully reloaded assembly
- Completed reload, in  1.290 seconds
Domain Reload Profiling:
	ReloadAssembly (1291ms)
		BeginReloadAssembly (139ms)
			ExecutionOrderSort (0ms)
			DisableScriptedObjects (6ms)
			BackupInstance (0ms)
			ReleaseScriptingObjects (0ms)
			CreateAndSetChildDomain (18ms)
		EndReloadAssembly (1041ms)
			LoadAssemblies (119ms)
			RebuildTransferFunctionScriptingTraits (0ms)
			SetupTypeCache (281ms)
			ReleaseScriptCaches (1ms)
			RebuildScriptCaches (56ms)
			SetupLoadedEditorAssemblies (568ms)
				LogAssemblyErrors (0ms)
				InitializePlatformSupportModulesInManaged (6ms)
				SetLoadedEditorAssemblies (0ms)
				RefreshPlugins (122ms)
				BeforeProcessingInitializeOnLoad (130ms)
				ProcessInitializeOnLoadAttributes (220ms)
				ProcessInitializeOnLoadMethodAttributes (78ms)
				AfterProcessingInitializeOnLoad (11ms)
				EditorAssembliesLoaded (0ms)
			ExecutionOrderSort2 (0ms)
			AwakeInstancesAfterBackupRestoration (6ms)
Platform modules already initialized, skipping
========================================================================
Worker process is ready to serve import requests
Launched and connected shader compiler UnityShaderCompiler.exe after 0.05 seconds
Refreshing native plugins compatible for Editor in 1.39 ms, found 3 plugins.
Preloading 0 native plugins for Editor in 0.00 ms.
Unloading 4719 Unused Serialized files (Serialized files now loaded: 0)
Unloading 31 unused Assets / (0.7 MB). Loaded Objects now: 5180.
Memory consumption went from 192.0 MB to 191.3 MB.
Total: 4.648800 ms (FindLiveObjects: 0.415500 ms CreateObjectMapping: 0.401200 ms MarkObjects: 3.500400 ms  DeleteObjects: 0.330700 ms)

AssetImportParameters requested are different than current active one (requested -> active):
  custom:video-decoder-ogg-theora: a1e56fd34408186e4bbccfd4996cb3dc -> 
  custom:container-muxer-webm: aa71ff27fc2769a1b78a27578f13a17b -> 
  custom:container-demuxer-webm: 4f35f7cbe854078d1ac9338744f61a02 -> 
  custom:video-encoder-webm-vp8: eb34c28f22e8b96e1ab97ce403110664 -> 
  custom:video-codec-MediaFoundation-h265: 746d11721c4dcdbdad8f713fa42b33f4 -> 
  custom:audio-encoder-webm-vorbis: bf7c407c2cedff20999df2af8eb42d56 -> 
  custom:framework-win-MediaFoundation: 216162199b28c13a410421893ffa2e32 -> 
  custom:container-demuxer-ogg: 62fdf1f143b41e24485cea50d1cbac27 -> 
  custom:video-decoder-webm-vp8: 9c59270c3fd7afecdb556c50c9e8de78 -> 
  custom:audio-decoder-ogg-vorbis: bf7c407c2cedff20999df2af8eb42d56 -> 
========================================================================
Received Import Request.
  Time since last request: 434786.338868 seconds.
  path: Assets/Magic VFX/Magic VFX - Ice (FREE)/Sounds/Magic_Glow_01.wav
  artifactKey: Guid(c63d70920d962314db7dc6d5c99e53a7) Importer(815301076,1909f56bfc062723c751e8b465ee728b)
Start importing Assets/Magic VFX/Magic VFX - Ice (FREE)/Sounds/Magic_Glow_01.wav using Guid(c63d70920d962314db7dc6d5c99e53a7) Importer(815301076,1909f56bfc062723c751e8b465ee728b)  -> (artifact id: '9f7222d65d83b66fdad3d1a078a2d3b4') in 0.131009 seconds 
========================================================================
Received Import Request.
  Time since last request: 36.475985 seconds.
  path: Assets/Scenes/SampleScene.unity
  artifactKey: Guid(99c9720ab356a0642a771bea13969a05) Importer(815301076,1909f56bfc062723c751e8b465ee728b)
Start importing Assets/Scenes/SampleScene.unity using Guid(99c9720ab356a0642a771bea13969a05) Importer(815301076,1909f56bfc062723c751e8b465ee728b)  -> (artifact id: 'e1472cc9c3009de0ee0aa09d23f289ee') in 0.001908 seconds 
========================================================================
Received Prepare
Registering precompiled user dll's ...
Registered in 0.010699 seconds.
Begin MonoManager ReloadAssembly
Symbol file LoadedFromMemory doesn't match image C:\Users\nevil\fantasy desert\Library\PackageCache\com.unity.visualscripting@1.8.0\Editor\VisualScripting.Core\Dependencies\YamlDotNet\Unity.VisualScripting.YamlDotNet.dll
Symbol file LoadedFromMemory doesn't match image C:\Users\nevil\fantasy desert\Library\PackageCache\com.unity.visualscripting@1.8.0\Editor\VisualScripting.Core\Dependencies\DotNetZip\Unity.VisualScripting.IonicZip.dll
Native extension for WindowsStandalone target not found
Native extension for WebGL target not found
Refreshing native plugins compatible for Editor in 1.02 ms, found 3 plugins.
Preloading 0 native plugins for Editor in 0.00 ms.
Mono: successfully reloaded assembly
- Completed reload, in  1.334 seconds
Domain Reload Profiling:
	ReloadAssembly (1335ms)
		BeginReloadAssembly (170ms)
			ExecutionOrderSort (0ms)
			DisableScriptedObjects (6ms)
			BackupInstance (0ms)
			ReleaseScriptingObjects (0ms)
			CreateAndSetChildDomain (39ms)
		EndReloadAssembly (1051ms)
			LoadAssemblies (129ms)
			RebuildTransferFunctionScriptingTraits (0ms)
			SetupTypeCache (334ms)
			ReleaseScriptCaches (2ms)
			RebuildScriptCaches (60ms)
			SetupLoadedEditorAssemblies (468ms)
				LogAssemblyErrors (0ms)
				InitializePlatformSupportModulesInManaged (10ms)
				SetLoadedEditorAssemblies (1ms)
				RefreshPlugins (1ms)
				BeforeProcessingInitializeOnLoad (94ms)
				ProcessInitializeOnLoadAttributes (245ms)
				ProcessInitializeOnLoadMethodAttributes (105ms)
				AfterProcessingInitializeOnLoad (12ms)
				EditorAssembliesLoaded (0ms)
			ExecutionOrderSort2 (0ms)
			AwakeInstancesAfterBackupRestoration (23ms)
Platform modules already initialized, skipping
Refreshing native plugins compatible for Editor in 4.08 ms, found 3 plugins.
Preloading 0 native plugins for Editor in 0.00 ms.
Unloading 4594 Unused Serialized files (Serialized files now loaded: 0)
Unloading 24 unused Assets / (0.7 MB). Loaded Objects now: 5193.
Memory consumption went from 186.8 MB to 186.1 MB.
Total: 6.053800 ms (FindLiveObjects: 0.496100 ms CreateObjectMapping: 0.537200 ms MarkObjects: 4.248900 ms  DeleteObjects: 0.770400 ms)

AssetImportParameters requested are different than current active one (requested -> active):
  custom:video-decoder-ogg-theora: a1e56fd34408186e4bbccfd4996cb3dc -> 
  custom:container-muxer-webm: aa71ff27fc2769a1b78a27578f13a17b -> 
  custom:container-demuxer-webm: 4f35f7cbe854078d1ac9338744f61a02 -> 
  custom:video-encoder-webm-vp8: eb34c28f22e8b96e1ab97ce403110664 -> 
  custom:video-codec-MediaFoundation-h265: 746d11721c4dcdbdad8f713fa42b33f4 -> 
  custom:audio-encoder-webm-vorbis: bf7c407c2cedff20999df2af8eb42d56 -> 
  custom:framework-win-MediaFoundation: 216162199b28c13a410421893ffa2e32 -> 
  custom:container-demuxer-ogg: 62fdf1f143b41e24485cea50d1cbac27 -> 
  custom:video-decoder-webm-vp8: 9c59270c3fd7afecdb556c50c9e8de78 -> 
  custom:audio-decoder-ogg-vorbis: bf7c407c2cedff20999df2af8eb42d56 -> 
========================================================================
Received Import Request.
  Time since last request: 137.866947 seconds.
  path: Assets/Magic VFX/Magic VFX - Ice (FREE)/Prefabs/Ef_IceMagicGlowFree01.prefab
  artifactKey: Guid(889dd67908ff48640a817f0b0074814e) Importer(815301076,1909f56bfc062723c751e8b465ee728b)
Start importing Assets/Magic VFX/Magic VFX - Ice (FREE)/Prefabs/Ef_IceMagicGlowFree01.prefab using Guid(889dd67908ff48640a817f0b0074814e) Importer(815301076,1909f56bfc062723c751e8b465ee728b)  -> (artifact id: '6ca7ebe7ac1170aca880ca2438916e8e') in 0.299521 seconds 
========================================================================
Received Import Request.
  Time since last request: 4.366211 seconds.
  path: Assets/Magic VFX/Magic VFX - Ice (FREE)/Sounds
  artifactKey: Guid(cf09c826719f5934e9ef6d1a92da187a) Importer(815301076,1909f56bfc062723c751e8b465ee728b)
Start importing Assets/Magic VFX/Magic VFX - Ice (FREE)/Sounds using Guid(cf09c826719f5934e9ef6d1a92da187a) Importer(815301076,1909f56bfc062723c751e8b465ee728b)  -> (artifact id: 'bc7028ecc675604aac89aebf48179b3d') in 0.002335 seconds 
========================================================================
Received Import Request.
  Time since last request: 3.417467 seconds.
  path: Assets/Magic VFX/Magic VFX - Ice (FREE)/Models/Materials/FlakesA1_01.mat
  artifactKey: Guid(575c8968e527f994f9aec592fe3278b4) Importer(815301076,1909f56bfc062723c751e8b465ee728b)
Start importing Assets/Magic VFX/Magic VFX - Ice (FREE)/Models/Materials/FlakesA1_01.mat using Guid(575c8968e527f994f9aec592fe3278b4) Importer(815301076,1909f56bfc062723c751e8b465ee728b)  -> (artifact id: '869a94faf40cef09e31c973598044e0a') in 0.032994 seconds 
========================================================================
Received Import Request.
  Time since last request: 0.000030 seconds.
  path: Assets/Magic VFX/Magic VFX - Ice (FREE)/Models/Materials/SmokeA1_01.mat
  artifactKey: Guid(08d4d2cbfdbdc9c46a4245c0b581d3a4) Importer(815301076,1909f56bfc062723c751e8b465ee728b)
Start importing Assets/Magic VFX/Magic VFX - Ice (FREE)/Models/Materials/SmokeA1_01.mat using Guid(08d4d2cbfdbdc9c46a4245c0b581d3a4) Importer(815301076,1909f56bfc062723c751e8b465ee728b)  -> (artifact id: '237d6dfb2d7a7fd21a70aff45cba7b92') in 0.014800 seconds 
========================================================================
Received Import Request.
  Time since last request: 0.000039 seconds.
  path: Assets/Magic VFX/Magic VFX - Ice (FREE)/Models/Materials/Glow_Ice_04.mat
  artifactKey: Guid(b76110ca6926ad54cb7e1785050e8da9) Importer(815301076,1909f56bfc062723c751e8b465ee728b)
Start importing Assets/Magic VFX/Magic VFX - Ice (FREE)/Models/Materials/Glow_Ice_04.mat using Guid(b76110ca6926ad54cb7e1785050e8da9) Importer(815301076,1909f56bfc062723c751e8b465ee728b)  -> (artifact id: 'd7672d94126d363043c0cf4bcfb678a9') in 0.016611 seconds 
========================================================================
Received Import Request.
  Time since last request: 0.000026 seconds.
  path: Assets/Magic VFX/Magic VFX - Ice (FREE)/Models/Materials/Glow_Ice_06.mat
  artifactKey: Guid(3d2abae981105e5449a12d1d261a9a38) Importer(815301076,1909f56bfc062723c751e8b465ee728b)
Start importing Assets/Magic VFX/Magic VFX - Ice (FREE)/Models/Materials/Glow_Ice_06.mat using Guid(3d2abae981105e5449a12d1d261a9a38) Importer(815301076,1909f56bfc062723c751e8b465ee728b)  -> (artifact id: 'effc8a7d1de2440f0e1a2b13c216fc86') in 0.014709 seconds 
========================================================================
Received Prepare
Registering precompiled user dll's ...
Registered in 0.009772 seconds.
Begin MonoManager ReloadAssembly
Cleanup Blit
UnityEngine.StackTraceUtility:ExtractStackTrace ()
UnityEngine.DebugLogHandler:LogFormat (UnityEngine.LogType,UnityEngine.Object,string,object[])
UnityEngine.Logger:Log (UnityEngine.LogType,object)
UnityEngine.Debug:Log (object)
UnityEngine.Rendering.Blitter:Cleanup () (at Library/PackageCache/com.unity.render-pipelines.core@12.1.11/Runtime/Utilities/Blitter.cs:158)
UnityEngine.Rendering.Universal.UniversalRenderer:Dispose (bool) (at Library/PackageCache/com.unity.render-pipelines.universal@12.1.11/Runtime/UniversalRenderer.cs:361)
UnityEngine.Rendering.Universal.ScriptableRenderer:Dispose () (at Library/PackageCache/com.unity.render-pipelines.universal@12.1.11/Runtime/ScriptableRenderer.cs:565)
UnityEngine.Rendering.Universal.UniversalRenderPipelineAsset:DestroyRenderer (UnityEngine.Rendering.Universal.ScriptableRenderer&) (at Library/PackageCache/com.unity.render-pipelines.universal@12.1.11/Runtime/Data/UniversalRenderPipelineAsset.cs:493)
UnityEngine.Rendering.Universal.UniversalRenderPipelineAsset:DestroyRenderers () (at Library/PackageCache/com.unity.render-pipelines.universal@12.1.11/Runtime/Data/UniversalRenderPipelineAsset.cs:486)
UnityEngine.Rendering.Universal.UniversalRenderPipelineAsset:OnDisable () (at Library/PackageCache/com.unity.render-pipelines.universal@12.1.11/Runtime/Data/UniversalRenderPipelineAsset.cs:509)

(Filename: Library/PackageCache/com.unity.render-pipelines.core@12.1.11/Runtime/Utilities/Blitter.cs Line: 158)

Symbol file LoadedFromMemory doesn't match image C:\Users\nevil\fantasy desert\Library\PackageCache\com.unity.visualscripting@1.8.0\Editor\VisualScripting.Core\Dependencies\YamlDotNet\Unity.VisualScripting.YamlDotNet.dll
Symbol file LoadedFromMemory doesn't match image C:\Users\nevil\fantasy desert\Library\PackageCache\com.unity.visualscripting@1.8.0\Editor\VisualScripting.Core\Dependencies\DotNetZip\Unity.VisualScripting.IonicZip.dll
Native extension for WindowsStandalone target not found
Native extension for WebGL target not found
Refreshing native plugins compatible for Editor in 1.21 ms, found 3 plugins.
Preloading 0 native plugins for Editor in 0.00 ms.
Mono: successfully reloaded assembly
- Completed reload, in  1.266 seconds
Domain Reload Profiling:
	ReloadAssembly (1267ms)
		BeginReloadAssembly (185ms)
			ExecutionOrderSort (0ms)
			DisableScriptedObjects (12ms)
			BackupInstance (0ms)
			ReleaseScriptingObjects (0ms)
			CreateAndSetChildDomain (48ms)
		EndReloadAssembly (959ms)
			LoadAssemblies (126ms)
			RebuildTransferFunctionScriptingTraits (0ms)
			SetupTypeCache (301ms)
			ReleaseScriptCaches (2ms)
			RebuildScriptCaches (54ms)
			SetupLoadedEditorAssemblies (389ms)
				LogAssemblyErrors (0ms)
				InitializePlatformSupportModulesInManaged (10ms)
				SetLoadedEditorAssemblies (0ms)
				RefreshPlugins (1ms)
				BeforeProcessingInitializeOnLoad (85ms)
				ProcessInitializeOnLoadAttributes (196ms)
				ProcessInitializeOnLoadMethodAttributes (85ms)
				AfterProcessingInitializeOnLoad (10ms)
				EditorAssembliesLoaded (0ms)
			ExecutionOrderSort2 (0ms)
			AwakeInstancesAfterBackupRestoration (24ms)
Platform modules already initialized, skipping
Refreshing native plugins compatible for Editor in 3.64 ms, found 3 plugins.
Preloading 0 native plugins for Editor in 0.00 ms.
Unloading 4603 Unused Serialized files (Serialized files now loaded: 0)
Unloading 24 unused Assets / (0.7 MB). Loaded Objects now: 5287.
Memory consumption went from 263.1 MB to 262.4 MB.
Total: 4.673500 ms (FindLiveObjects: 0.490700 ms CreateObjectMapping: 0.536500 ms MarkObjects: 3.206200 ms  DeleteObjects: 0.438900 ms)

AssetImportParameters requested are different than current active one (requested -> active):
  custom:video-decoder-ogg-theora: a1e56fd34408186e4bbccfd4996cb3dc -> 
  custom:container-muxer-webm: aa71ff27fc2769a1b78a27578f13a17b -> 
  custom:container-demuxer-webm: 4f35f7cbe854078d1ac9338744f61a02 -> 
  custom:video-encoder-webm-vp8: eb34c28f22e8b96e1ab97ce403110664 -> 
  custom:video-codec-MediaFoundation-h265: 746d11721c4dcdbdad8f713fa42b33f4 -> 
  custom:audio-encoder-webm-vorbis: bf7c407c2cedff20999df2af8eb42d56 -> 
  custom:framework-win-MediaFoundation: 216162199b28c13a410421893ffa2e32 -> 
  custom:container-demuxer-ogg: 62fdf1f143b41e24485cea50d1cbac27 -> 
  custom:video-decoder-webm-vp8: 9c59270c3fd7afecdb556c50c9e8de78 -> 
  custom:audio-decoder-ogg-vorbis: bf7c407c2cedff20999df2af8eb42d56 -> 
========================================================================
Received Import Request.
  Time since last request: 45.952655 seconds.
  path: Assets/KY_effects/MagicEffectsPackFree
  artifactKey: Guid(0edb75e9749d9f245a0396664433b936) Importer(815301076,1909f56bfc062723c751e8b465ee728b)
Start importing Assets/KY_effects/MagicEffectsPackFree using Guid(0edb75e9749d9f245a0396664433b936) Importer(815301076,1909f56bfc062723c751e8b465ee728b)  -> (artifact id: '02e5f9535c7c93e9039249196e8d7672') in 0.012756 seconds 
========================================================================
Received Import Request.
  Time since last request: 1.503505 seconds.
  path: Assets/KY_effects/MagicEffectsPackFree/Materials
  artifactKey: Guid(f6929e19243b4894590f7b408a137a46) Importer(815301076,1909f56bfc062723c751e8b465ee728b)
Start importing Assets/KY_effects/MagicEffectsPackFree/Materials using Guid(f6929e19243b4894590f7b408a137a46) Importer(815301076,1909f56bfc062723c751e8b465ee728b)  -> (artifact id: 'e8250143078eb4474a6dba808ccb5ae4') in 0.002852 seconds 
========================================================================
Received Import Request.
  Time since last request: 0.082992 seconds.
  path: Assets/KY_effects/MagicEffectsPackFree/Materials/00_4x4.mat
  artifactKey: Guid(aa8a401551a074d13ba3d556c63da165) Importer(815301076,1909f56bfc062723c751e8b465ee728b)
Start importing Assets/KY_effects/MagicEffectsPackFree/Materials/00_4x4.mat using Guid(aa8a401551a074d13ba3d556c63da165) Importer(815301076,1909f56bfc062723c751e8b465ee728b)  -> (artifact id: '878ac04bd89b940beabfe34074da1b15') in 0.234412 seconds 
========================================================================
Received Import Request.
  Time since last request: 0.000029 seconds.
  path: Assets/KY_effects/MagicEffectsPackFree/Materials/Star.mat
  artifactKey: Guid(4b294e20f51814785818b6a20b456aa8) Importer(815301076,1909f56bfc062723c751e8b465ee728b)
Start importing Assets/KY_effects/MagicEffectsPackFree/Materials/Star.mat using Guid(4b294e20f51814785818b6a20b456aa8) Importer(815301076,1909f56bfc062723c751e8b465ee728b)  -> (artifact id: 'addddaeb1d211816e29ba70d3b69d23d') in 0.012768 seconds 
========================================================================
Received Import Request.
  Time since last request: 0.000035 seconds.
  path: Assets/KY_effects/MagicEffectsPackFree/Materials/Wall.mat
  artifactKey: Guid(82d1bd5c5417047a8a3e26d64ba9619f) Importer(815301076,1909f56bfc062723c751e8b465ee728b)
Start importing Assets/KY_effects/MagicEffectsPackFree/Materials/Wall.mat using Guid(82d1bd5c5417047a8a3e26d64ba9619f) Importer(815301076,1909f56bfc062723c751e8b465ee728b)  -> (artifact id: 'd702de40ef67be415fc248a290b85df4') in 0.012635 seconds 
========================================================================
Received Import Request.
  Time since last request: 0.000022 seconds.
  path: Assets/KY_effects/MagicEffectsPackFree/Materials/thander_core_4x4.mat
  artifactKey: Guid(2518d4d12d7544beda8f304cb25e56b7) Importer(815301076,1909f56bfc062723c751e8b465ee728b)
Start importing Assets/KY_effects/MagicEffectsPackFree/Materials/thander_core_4x4.mat using Guid(2518d4d12d7544beda8f304cb25e56b7) Importer(815301076,1909f56bfc062723c751e8b465ee728b)  -> (artifact id: '2b763a39bb609efc15c55fb08ee18f82') in 0.015323 seconds 
========================================================================
Received Import Request.
  Time since last request: 0.000022 seconds.
  path: Assets/KY_effects/MagicEffectsPackFree/Materials/project1_00000_8x2.mat
  artifactKey: Guid(24027fcc139ae41d7b0805dd11b76835) Importer(815301076,1909f56bfc062723c751e8b465ee728b)
Start importing Assets/KY_effects/MagicEffectsPackFree/Materials/project1_00000_8x2.mat using Guid(24027fcc139ae41d7b0805dd11b76835) Importer(815301076,1909f56bfc062723c751e8b465ee728b)  -> (artifact id: 'fefe3065f0e95be04fc463d35e5e3e0f') in 0.011813 seconds 
========================================================================
Received Import Request.
  Time since last request: 0.000035 seconds.
  path: Assets/KY_effects/MagicEffectsPackFree/Materials/project1_in00000_4x4.mat
  artifactKey: Guid(b2760e9836dec459a99bfa3d1881dcf9) Importer(815301076,1909f56bfc062723c751e8b465ee728b)
Start importing Assets/KY_effects/MagicEffectsPackFree/Materials/project1_in00000_4x4.mat using Guid(b2760e9836dec459a99bfa3d1881dcf9) Importer(815301076,1909f56bfc062723c751e8b465ee728b)  -> (artifact id: 'c63915ecc6402121fbc883d7bf667b87') in 0.031030 seconds 
========================================================================
Received Import Request.
  Time since last request: 0.000025 seconds.
  path: Assets/KY_effects/MagicEffectsPackFree/Materials/project1_coreb00000_4x4.mat
  artifactKey: Guid(1eb729f0bf8f447a287bf915f6af971e) Importer(815301076,1909f56bfc062723c751e8b465ee728b)
Start importing Assets/KY_effects/MagicEffectsPackFree/Materials/project1_coreb00000_4x4.mat using Guid(1eb729f0bf8f447a287bf915f6af971e) Importer(815301076,1909f56bfc062723c751e8b465ee728b)  -> (artifact id: 'd77a3c366e04921b912654e0df89581b') in 0.014407 seconds 
========================================================================
Received Import Request.
  Time since last request: 0.000024 seconds.
  path: Assets/KY_effects/MagicEffectsPackFree/Materials/Light.mat
  artifactKey: Guid(8371c910b6db2463391a051e571e2558) Importer(815301076,1909f56bfc062723c751e8b465ee728b)
Start importing Assets/KY_effects/MagicEffectsPackFree/Materials/Light.mat using Guid(8371c910b6db2463391a051e571e2558) Importer(815301076,1909f56bfc062723c751e8b465ee728b)  -> (artifact id: 'fb43b6caac2698e8adaf8e7e030cb1ca') in 0.044924 seconds 
Editor requested this worker to shutdown with reason: Scaling down because of idle timeout
AssetImportWorker is now disconnected from the server
Process exiting
Exiting without the bug reporter. Application will terminate with return code 0