Unity Editor version:    2021.3.21f1 (1b156197d683)
Branch:                  2021.3/staging
Build type:              Release
Batch mode:              YES
macOS version:           Version 12.6.2 (Build 21G320)
Darwin version:          21.6.0
Architecture:            x86_64
Running under Rosetta:   NO
Available memory:        16384 MB
Using pre-set license
Pro License: YES

COMMAND LINE ARGUMENTS:
/Applications/Unity/Hub/Editor/2021.3.21f1/Unity.app/Contents/MacOS/Unity
-adb2
-batchMode
-noUpm
-name
AssetImportWorker0
-projectPath
/Users/kes/Downloads/Architecture
-logFile
Logs/AssetImportWorker0.log
-srvPort
53434
Successfully changed project path to: /Users/kes/Downloads/Architecture
/Users/kes/Downloads/Architecture
[UnityMemory] Configuration Parameters - Can be set up in boot.config
    "memorysetup-bucket-allocator-granularity=16"
    "memorysetup-bucket-allocator-bucket-count=8"
    "memorysetup-bucket-allocator-block-size=33554432"
    "memorysetup-bucket-allocator-block-count=8"
    "memorysetup-main-allocator-block-size=16777216"
    "memorysetup-thread-allocator-block-size=16777216"
    "memorysetup-gfx-main-allocator-block-size=16777216"
    "memorysetup-gfx-thread-allocator-block-size=16777216"
    "memorysetup-cache-allocator-block-size=4194304"
    "memorysetup-typetree-allocator-block-size=2097152"
    "memorysetup-profiler-bucket-allocator-granularity=16"
    "memorysetup-profiler-bucket-allocator-bucket-count=8"
    "memorysetup-profiler-bucket-allocator-block-size=33554432"
    "memorysetup-profiler-bucket-allocator-block-count=8"
    "memorysetup-profiler-allocator-block-size=16777216"
    "memorysetup-profiler-editor-allocator-block-size=1048576"
    "memorysetup-temp-allocator-size-main=16777216"
    "memorysetup-job-temp-allocator-block-size=2097152"
    "memorysetup-job-temp-allocator-block-size-background=1048576"
    "memorysetup-job-temp-allocator-reduction-small-platforms=262144"
    "memorysetup-temp-allocator-size-background-worker=32768"
    "memorysetup-temp-allocator-size-job-worker=262144"
    "memorysetup-temp-allocator-size-preload-manager=33554432"
    "memorysetup-temp-allocator-size-nav-mesh-worker=65536"
    "memorysetup-temp-allocator-size-audio-worker=65536"
    "memorysetup-temp-allocator-size-cloud-worker=32768"
    "memorysetup-temp-allocator-size-gi-baking-worker=262144"
    "memorysetup-temp-allocator-size-gfx=262144"
Player connection [4779603456] Host "[IP] 10.8.140.41 [Port] 0 [Flags] 2 [Guid] 3606498976 [EditorId] 3606498976 [Version] 1048832 [Id] OSXEditor(0,MacBook-Pro.local) [Debug] 1 [PackageName] OSXEditor [ProjectName] Editor" joined multi-casting on [225.0.0.222:54997]...

Player connection [4779603456] Host "[IP] 10.8.140.41 [Port] 0 [Flags] 2 [Guid] 3606498976 [EditorId] 3606498976 [Version] 1048832 [Id] OSXEditor(0,MacBook-Pro.local) [Debug] 1 [PackageName] OSXEditor [ProjectName] Editor" joined alternative multi-casting on [225.0.0.222:34997]...

Refreshing native plugins compatible for Editor in 146.21 ms, found 2 plugins.
Preloading 0 native plugins for Editor in 0.00 ms.
Initialize engine version: 2021.3.21f1 (1b156197d683)
[Subsystems] Discovering subsystems at path /Applications/Unity/Hub/Editor/2021.3.21f1/Unity.app/Contents/Resources/UnitySubsystems
[Subsystems] Discovering subsystems at path /Users/kes/Downloads/Architecture/Assets
GfxDevice: creating device client; threaded=0; jobified=0
Color LCD preferred device: Intel(R) UHD Graphics 630 (low power)
Metal devices available: 2
0: AMD Radeon Pro 5500M (high power)
1: Intel(R) UHD Graphics 630 (low power)
Using device AMD Radeon Pro 5500M (high power)
Initializing Metal device caps: AMD Radeon Pro 5500M
Initialize mono
Mono path[0] = '/Applications/Unity/Hub/Editor/2021.3.21f1/Unity.app/Contents/Managed'
Mono path[1] = '/Applications/Unity/Hub/Editor/2021.3.21f1/Unity.app/Contents/MonoBleedingEdge/lib/mono/unityjit-macos'
Mono config path = '/Applications/Unity/Hub/Editor/2021.3.21f1/Unity.app/Contents/MonoBleedingEdge/etc'
Using monoOptions --debugger-agent=transport=dt_socket,embedding=1,server=y,suspend=n,address=127.0.0.1:56426
Begin MonoManager ReloadAssembly
Registering precompiled unity dll's ...
Register platform support module: /Applications/Unity/Hub/Editor/2021.3.21f1/Unity.app/Contents/PlaybackEngines/MacStandaloneSupport/UnityEditor.OSXStandalone.Extensions.dll
Register platform support module: /Applications/Unity/Hub/Editor/2021.3.21f1/PlaybackEngines/AndroidPlayer/UnityEditor.Android.Extensions.dll
Registered in 0.001032 seconds.
Native extension for Android target not found
Android Extension - Scanning For ADB Devices 94 ms
Native extension for OSXStandalone target not found
Refreshing native plugins compatible for Editor in 122.59 ms, found 2 plugins.
Preloading 0 native plugins for Editor in 0.00 ms.
Mono: successfully reloaded assembly
- Completed reload, in  1.019 seconds
Domain Reload Profiling:
	ReloadAssembly (1019ms)
		BeginReloadAssembly (111ms)
			ExecutionOrderSort (0ms)
			DisableScriptedObjects (0ms)
			BackupInstance (0ms)
			ReleaseScriptingObjects (0ms)
			CreateAndSetChildDomain (1ms)
		EndReloadAssembly (767ms)
			LoadAssemblies (111ms)
			RebuildTransferFunctionScriptingTraits (0ms)
			SetupTypeCache (175ms)
			ReleaseScriptCaches (0ms)
			RebuildScriptCaches (39ms)
			SetupLoadedEditorAssemblies (490ms)
				LogAssemblyErrors (0ms)
				InitializePlatformSupportModulesInManaged (204ms)
				SetLoadedEditorAssemblies (0ms)
				RefreshPlugins (123ms)
				BeforeProcessingInitializeOnLoad (2ms)
				ProcessInitializeOnLoadAttributes (108ms)
				ProcessInitializeOnLoadMethodAttributes (53ms)
				AfterProcessingInitializeOnLoad (0ms)
				EditorAssembliesLoaded (0ms)
			ExecutionOrderSort2 (0ms)
			AwakeInstancesAfterBackupRestoration (0ms)
Platform modules already initialized, skipping
Registering precompiled user dll's ...
Registered in 0.003376 seconds.
Begin MonoManager ReloadAssembly
Symbol file LoadedFromMemory doesn't match image /Users/kes/Downloads/Architecture/Library/PackageCache/com.unity.visualscripting@1.8.0/Editor/VisualScripting.Core/Dependencies/DotNetZip/Unity.VisualScripting.IonicZip.dll
Symbol file LoadedFromMemory doesn't match image /Users/kes/Downloads/Architecture/Library/PackageCache/com.unity.visualscripting@1.8.0/Editor/VisualScripting.Core/Dependencies/YamlDotNet/Unity.VisualScripting.YamlDotNet.dll
Native extension for Android target not found
Native extension for OSXStandalone target not found
Refreshing native plugins compatible for Editor in 107.70 ms, found 2 plugins.
Preloading 0 native plugins for Editor in 0.00 ms.
Package Manager log level set to [2]
Mono: successfully reloaded assembly
- Completed reload, in  1.731 seconds
Domain Reload Profiling:
	ReloadAssembly (1732ms)
		BeginReloadAssembly (166ms)
			ExecutionOrderSort (0ms)
			DisableScriptedObjects (7ms)
			BackupInstance (0ms)
			ReleaseScriptingObjects (0ms)
			CreateAndSetChildDomain (42ms)
		EndReloadAssembly (1397ms)
			LoadAssemblies (111ms)
			RebuildTransferFunctionScriptingTraits (0ms)
			SetupTypeCache (429ms)
			ReleaseScriptCaches (1ms)
			RebuildScriptCaches (105ms)
			SetupLoadedEditorAssemblies (674ms)
				LogAssemblyErrors (0ms)
				InitializePlatformSupportModulesInManaged (14ms)
				SetLoadedEditorAssemblies (0ms)
				RefreshPlugins (108ms)
				BeforeProcessingInitializeOnLoad (116ms)
				ProcessInitializeOnLoadAttributes (347ms)
				ProcessInitializeOnLoadMethodAttributes (87ms)
				AfterProcessingInitializeOnLoad (1ms)
				EditorAssembliesLoaded (0ms)
			ExecutionOrderSort2 (0ms)
			AwakeInstancesAfterBackupRestoration (4ms)
Platform modules already initialized, skipping
========================================================================
Worker process is ready to serve import requests
Launching external process: /Applications/Unity/Hub/Editor/2021.3.21f1/Unity.app/Contents/Tools/UnityShaderCompiler
Launched and connected shader compiler UnityShaderCompiler after 0.07 seconds
Refreshing native plugins compatible for Editor in 0.99 ms, found 2 plugins.
Preloading 0 native plugins for Editor in 0.00 ms.
Unloading 5606 Unused Serialized files (Serialized files now loaded: 0)
Unloading 60 unused Assets / (0.7 MB). Loaded Objects now: 6046.
Memory consumption went from 213.6 MB to 212.9 MB.
Total: 6.283410 ms (FindLiveObjects: 0.573332 ms CreateObjectMapping: 0.538552 ms MarkObjects: 4.364089 ms  DeleteObjects: 0.806130 ms)

AssetImportParameters requested are different than current active one (requested -> active):
  custom:video-decoder-ogg-theora: a1e56fd34408186e4bbccfd4996cb3dc -> 
  custom:container-muxer-webm: aa71ff27fc2769a1b78a27578f13a17b -> 
  custom:container-demuxer-webm: 4f35f7cbe854078d1ac9338744f61a02 -> 
  custom:video-encoder-webm-vp8: eb34c28f22e8b96e1ab97ce403110664 -> 
  custom:framework-osx-AVFoundation: e770b220cccbd017edd2c1fefb359320 -> 
  custom:audio-encoder-webm-vorbis: bf7c407c2cedff20999df2af8eb42d56 -> 
  custom:container-demuxer-ogg: 62fdf1f143b41e24485cea50d1cbac27 -> 
  custom:video-decoder-webm-vp8: 9c59270c3fd7afecdb556c50c9e8de78 -> 
  custom:audio-decoder-ogg-vorbis: bf7c407c2cedff20999df2af8eb42d56 -> 
========================================================================
Received Import Request.
  Time since last request: 88810.663820 seconds.
  path: Assets/zxc 1.skp
  artifactKey: Guid(7888a3af92942f34e9411e4e48a689ec) Importer(815301076,1909f56bfc062723c751e8b465ee728b)
Start importing Assets/zxc 1.skp using Guid(7888a3af92942f34e9411e4e48a689ec) Importer(815301076,1909f56bfc062723c751e8b465ee728b)  -> (artifact id: 'f12c1604594fe7d5cbdfde4d20eb7256') in 0.598685 seconds 
========================================================================
Received Import Request.
  Time since last request: 0.000649 seconds.
  path: Assets/UniversalRenderPipelineGlobalSettings.asset
  artifactKey: Guid(18dc0cd2c080841dea60987a38ce93fa) Importer(815301076,1909f56bfc062723c751e8b465ee728b)
Start importing Assets/UniversalRenderPipelineGlobalSettings.asset using Guid(18dc0cd2c080841dea60987a38ce93fa) Importer(815301076,1909f56bfc062723c751e8b465ee728b)  -> (artifact id: '2eecc253734895facb66926253515a97') in 0.845069 seconds 
========================================================================
Received Import Request.
  Time since last request: 1164.417264 seconds.
  path: Assets/prefab/feipan.prefab
  artifactKey: Guid(985d5c65aae574ac19e42387c9a14e39) Importer(815301076,1909f56bfc062723c751e8b465ee728b)
Start importing Assets/prefab/feipan.prefab using Guid(985d5c65aae574ac19e42387c9a14e39) Importer(815301076,1909f56bfc062723c751e8b465ee728b)  -> (artifact id: 'e09046452abaa7ea56b3e0502b153e45') in 0.098115 seconds 
========================================================================
Received Import Request.
  Time since last request: 0.000138 seconds.
  path: Assets/prefab/STAIRS+tree.prefab
  artifactKey: Guid(b118c7af360d74e239de50472ab5ab38) Importer(815301076,1909f56bfc062723c751e8b465ee728b)
Start importing Assets/prefab/STAIRS+tree.prefab using Guid(b118c7af360d74e239de50472ab5ab38) Importer(815301076,1909f56bfc062723c751e8b465ee728b)  -> (artifact id: '4cbf6f3b9532676b6b25101f1f35c11d') in 0.045167 seconds 
========================================================================
Received Import Request.
  Time since last request: 0.000114 seconds.
  path: Assets/prefab/whole prefab-skybox.prefab
  artifactKey: Guid(999847419fe7643e7a08b5d47d106120) Importer(815301076,1909f56bfc062723c751e8b465ee728b)
Start importing Assets/prefab/whole prefab-skybox.prefab using Guid(999847419fe7643e7a08b5d47d106120) Importer(815301076,1909f56bfc062723c751e8b465ee728b)  -> (artifact id: '1aa84cae5a51d7cd2527864b526a9468') in 0.089475 seconds 
========================================================================
Received Import Request.
  Time since last request: 2.641696 seconds.
  path: Assets/rain/circle.png.png
  artifactKey: Guid(8b70d04890f1e2a4da58a20551b41a3d) Importer(815301076,1909f56bfc062723c751e8b465ee728b)
Start importing Assets/rain/circle.png.png using Guid(8b70d04890f1e2a4da58a20551b41a3d) Importer(815301076,1909f56bfc062723c751e8b465ee728b)  -> (artifact id: '6a4364ebff5c5da7b9d071e4745fe707') in 0.655916 seconds 
========================================================================
Received Import Request.
  Time since last request: 503.516890 seconds.
  path: Assets/IgniteCoders/Simple Water Shader
  artifactKey: Guid(08b3706c60f1d2444a184618e24ff47e) Importer(815301076,1909f56bfc062723c751e8b465ee728b)
Start importing Assets/IgniteCoders/Simple Water Shader using Guid(08b3706c60f1d2444a184618e24ff47e) Importer(815301076,1909f56bfc062723c751e8b465ee728b)  -> (artifact id: 'e1a8bddad3a9cead8cd42b61bb4df370') in 0.001526 seconds 
========================================================================
Received Import Request.
  Time since last request: 4.516084 seconds.
  path: Assets/IgniteCoders/Simple Water Shader/Info
  artifactKey: Guid(632838a6d3dbd974195a1f7f34ded3f1) Importer(815301076,1909f56bfc062723c751e8b465ee728b)
Start importing Assets/IgniteCoders/Simple Water Shader/Info using Guid(632838a6d3dbd974195a1f7f34ded3f1) Importer(815301076,1909f56bfc062723c751e8b465ee728b)  -> (artifact id: '9cd1075b78c9de298a3590fb95044835') in 0.001582 seconds 
========================================================================
Received Import Request.
  Time since last request: 0.156896 seconds.
  path: Assets/IgniteCoders/Simple Water Shader/Info/Readme.asset
  artifactKey: Guid(83c2ed844a8c74b779a4c823d16594b1) Importer(815301076,1909f56bfc062723c751e8b465ee728b)
Start importing Assets/IgniteCoders/Simple Water Shader/Info/Readme.asset using Guid(83c2ed844a8c74b779a4c823d16594b1) Importer(815301076,1909f56bfc062723c751e8b465ee728b) Unable to parse file Assets/IgniteCoders/Simple Water Shader/Info/Readme.asset: [Parser Failure at line 29: Expect ':' between key and value within mapping]
 -> (artifact id: '37f136695161eff9047c9f5904ba1e49') in 0.002645 seconds 
========================================================================
Received Prepare
Registering precompiled user dll's ...
Registered in 0.003586 seconds.
Begin MonoManager ReloadAssembly
Symbol file LoadedFromMemory doesn't match image /Users/kes/Downloads/Architecture/Library/PackageCache/com.unity.visualscripting@1.8.0/Editor/VisualScripting.Core/Dependencies/DotNetZip/Unity.VisualScripting.IonicZip.dll
Symbol file LoadedFromMemory doesn't match image /Users/kes/Downloads/Architecture/Library/PackageCache/com.unity.visualscripting@1.8.0/Editor/VisualScripting.Core/Dependencies/YamlDotNet/Unity.VisualScripting.YamlDotNet.dll
Native extension for Android target not found
Native extension for OSXStandalone target not found
Refreshing native plugins compatible for Editor in 1.80 ms, found 2 plugins.
Preloading 0 native plugins for Editor in 0.00 ms.
Mono: successfully reloaded assembly
- Completed reload, in  2.331 seconds
Domain Reload Profiling:
	ReloadAssembly (2331ms)
		BeginReloadAssembly (423ms)
			ExecutionOrderSort (0ms)
			DisableScriptedObjects (12ms)
			BackupInstance (0ms)
			ReleaseScriptingObjects (0ms)
			CreateAndSetChildDomain (192ms)
		EndReloadAssembly (1771ms)
			LoadAssemblies (222ms)
			RebuildTransferFunctionScriptingTraits (0ms)
			SetupTypeCache (940ms)
			ReleaseScriptCaches (3ms)
			RebuildScriptCaches (63ms)
			SetupLoadedEditorAssemblies (497ms)
				LogAssemblyErrors (0ms)
				InitializePlatformSupportModulesInManaged (18ms)
				SetLoadedEditorAssemblies (1ms)
				RefreshPlugins (2ms)
				BeforeProcessingInitializeOnLoad (77ms)
				ProcessInitializeOnLoadAttributes (308ms)
				ProcessInitializeOnLoadMethodAttributes (90ms)
				AfterProcessingInitializeOnLoad (1ms)
				EditorAssembliesLoaded (0ms)
			ExecutionOrderSort2 (0ms)
			AwakeInstancesAfterBackupRestoration (24ms)
Platform modules already initialized, skipping
Refreshing native plugins compatible for Editor in 7.12 ms, found 2 plugins.
Preloading 0 native plugins for Editor in 0.00 ms.
Unloading 5528 Unused Serialized files (Serialized files now loaded: 0)
Unloading 50 unused Assets / (0.6 MB). Loaded Objects now: 6148.
Memory consumption went from 228.4 MB to 227.7 MB.
Total: 5.889157 ms (FindLiveObjects: 0.456682 ms CreateObjectMapping: 0.370026 ms MarkObjects: 4.669381 ms  DeleteObjects: 0.392258 ms)

AssetImportParameters requested are different than current active one (requested -> active):
  custom:video-decoder-ogg-theora: a1e56fd34408186e4bbccfd4996cb3dc -> 
  custom:container-muxer-webm: aa71ff27fc2769a1b78a27578f13a17b -> 
  custom:container-demuxer-webm: 4f35f7cbe854078d1ac9338744f61a02 -> 
  custom:video-encoder-webm-vp8: eb34c28f22e8b96e1ab97ce403110664 -> 
  custom:framework-osx-AVFoundation: e770b220cccbd017edd2c1fefb359320 -> 
  custom:audio-encoder-webm-vorbis: bf7c407c2cedff20999df2af8eb42d56 -> 
  custom:container-demuxer-ogg: 62fdf1f143b41e24485cea50d1cbac27 -> 
  custom:video-decoder-webm-vp8: 9c59270c3fd7afecdb556c50c9e8de78 -> 
  custom:audio-decoder-ogg-vorbis: bf7c407c2cedff20999df2af8eb42d56 -> 
========================================================================
Received Import Request.
  Time since last request: 1126.811755 seconds.
  path: Assets/download asset
  artifactKey: Guid(aa96b3d5ee823422fb6968dac535d6f7) Importer(815301076,1909f56bfc062723c751e8b465ee728b)
Start importing Assets/download asset using Guid(aa96b3d5ee823422fb6968dac535d6f7) Importer(815301076,1909f56bfc062723c751e8b465ee728b)  -> (artifact id: 'dab44065e55112d94d59166f04fcedc5') in 0.009805 seconds 
========================================================================
Received Prepare
Registering precompiled user dll's ...
Registered in 0.003413 seconds.
Begin MonoManager ReloadAssembly
Symbol file LoadedFromMemory doesn't match image /Users/kes/Downloads/Architecture/Library/PackageCache/com.unity.visualscripting@1.8.0/Editor/VisualScripting.Core/Dependencies/DotNetZip/Unity.VisualScripting.IonicZip.dll
Symbol file LoadedFromMemory doesn't match image /Users/kes/Downloads/Architecture/Library/PackageCache/com.unity.visualscripting@1.8.0/Editor/VisualScripting.Core/Dependencies/YamlDotNet/Unity.VisualScripting.YamlDotNet.dll
Native extension for Android target not found
Native extension for OSXStandalone target not found
Refreshing native plugins compatible for Editor in 0.94 ms, found 2 plugins.
Preloading 0 native plugins for Editor in 0.00 ms.
Mono: successfully reloaded assembly
- Completed reload, in  1.334 seconds
Domain Reload Profiling:
	ReloadAssembly (1335ms)
		BeginReloadAssembly (176ms)
			ExecutionOrderSort (0ms)
			DisableScriptedObjects (5ms)
			BackupInstance (0ms)
			ReleaseScriptingObjects (0ms)
			CreateAndSetChildDomain (75ms)
		EndReloadAssembly (1054ms)
			LoadAssemblies (90ms)
			RebuildTransferFunctionScriptingTraits (0ms)
			SetupTypeCache (356ms)
			ReleaseScriptCaches (1ms)
			RebuildScriptCaches (53ms)
			SetupLoadedEditorAssemblies (438ms)
				LogAssemblyErrors (0ms)
				InitializePlatformSupportModulesInManaged (15ms)
				SetLoadedEditorAssemblies (0ms)
				RefreshPlugins (1ms)
				BeforeProcessingInitializeOnLoad (68ms)
				ProcessInitializeOnLoadAttributes (273ms)
				ProcessInitializeOnLoadMethodAttributes (79ms)
				AfterProcessingInitializeOnLoad (1ms)
				EditorAssembliesLoaded (0ms)
			ExecutionOrderSort2 (0ms)
			AwakeInstancesAfterBackupRestoration (17ms)
Platform modules already initialized, skipping
Refreshing native plugins compatible for Editor in 5.91 ms, found 2 plugins.
Preloading 0 native plugins for Editor in 0.00 ms.
Unloading 5529 Unused Serialized files (Serialized files now loaded: 0)
Unloading 50 unused Assets / (0.6 MB). Loaded Objects now: 6152.
Memory consumption went from 228.5 MB to 227.8 MB.
Total: 4.610113 ms (FindLiveObjects: 0.446757 ms CreateObjectMapping: 0.370892 ms MarkObjects: 3.268907 ms  DeleteObjects: 0.522439 ms)

AssetImportParameters requested are different than current active one (requested -> active):
  custom:video-decoder-ogg-theora: a1e56fd34408186e4bbccfd4996cb3dc -> 
  custom:container-muxer-webm: aa71ff27fc2769a1b78a27578f13a17b -> 
  custom:container-demuxer-webm: 4f35f7cbe854078d1ac9338744f61a02 -> 
  custom:video-encoder-webm-vp8: eb34c28f22e8b96e1ab97ce403110664 -> 
  custom:framework-osx-AVFoundation: e770b220cccbd017edd2c1fefb359320 -> 
  custom:audio-encoder-webm-vorbis: bf7c407c2cedff20999df2af8eb42d56 -> 
  custom:container-demuxer-ogg: 62fdf1f143b41e24485cea50d1cbac27 -> 
  custom:video-decoder-webm-vp8: 9c59270c3fd7afecdb556c50c9e8de78 -> 
  custom:audio-decoder-ogg-vorbis: bf7c407c2cedff20999df2af8eb42d56 -> 
========================================================================
Received Import Request.
  Time since last request: 18.981553 seconds.
  path: Assets/KY_effects/MagicEffectsPackFree
  artifactKey: Guid(0edb75e9749d9f245a0396664433b936) Importer(815301076,1909f56bfc062723c751e8b465ee728b)
Start importing Assets/KY_effects/MagicEffectsPackFree using Guid(0edb75e9749d9f245a0396664433b936) Importer(815301076,1909f56bfc062723c751e8b465ee728b)  -> (artifact id: '02e5f9535c7c93e9039249196e8d7672') in 0.009688 seconds 
========================================================================
Received Prepare
Registering precompiled user dll's ...
Registered in 0.003860 seconds.
Begin MonoManager ReloadAssembly
Symbol file LoadedFromMemory doesn't match image /Users/kes/Downloads/Architecture/Library/PackageCache/com.unity.visualscripting@1.8.0/Editor/VisualScripting.Core/Dependencies/DotNetZip/Unity.VisualScripting.IonicZip.dll
Symbol file LoadedFromMemory doesn't match image /Users/kes/Downloads/Architecture/Library/PackageCache/com.unity.visualscripting@1.8.0/Editor/VisualScripting.Core/Dependencies/YamlDotNet/Unity.VisualScripting.YamlDotNet.dll
Native extension for Android target not found
Native extension for OSXStandalone target not found
Refreshing native plugins compatible for Editor in 0.96 ms, found 2 plugins.
Preloading 0 native plugins for Editor in 0.00 ms.
Mono: successfully reloaded assembly
- Completed reload, in  1.345 seconds
Domain Reload Profiling:
	ReloadAssembly (1346ms)
		BeginReloadAssembly (185ms)
			ExecutionOrderSort (0ms)
			DisableScriptedObjects (5ms)
			BackupInstance (0ms)
			ReleaseScriptingObjects (0ms)
			CreateAndSetChildDomain (77ms)
		EndReloadAssembly (1057ms)
			LoadAssemblies (95ms)
			RebuildTransferFunctionScriptingTraits (0ms)
			SetupTypeCache (355ms)
			ReleaseScriptCaches (2ms)
			RebuildScriptCaches (58ms)
			SetupLoadedEditorAssemblies (431ms)
				LogAssemblyErrors (0ms)
				InitializePlatformSupportModulesInManaged (15ms)
				SetLoadedEditorAssemblies (0ms)
				RefreshPlugins (1ms)
				BeforeProcessingInitializeOnLoad (67ms)
				ProcessInitializeOnLoadAttributes (267ms)
				ProcessInitializeOnLoadMethodAttributes (79ms)
				AfterProcessingInitializeOnLoad (1ms)
				EditorAssembliesLoaded (0ms)
			ExecutionOrderSort2 (0ms)
			AwakeInstancesAfterBackupRestoration (17ms)
Platform modules already initialized, skipping
Refreshing native plugins compatible for Editor in 5.20 ms, found 2 plugins.
Preloading 0 native plugins for Editor in 0.00 ms.
Unloading 5529 Unused Serialized files (Serialized files now loaded: 0)
Unloading 50 unused Assets / (0.6 MB). Loaded Objects now: 6156.
Memory consumption went from 228.5 MB to 227.8 MB.
Total: 4.868620 ms (FindLiveObjects: 0.403087 ms CreateObjectMapping: 0.376826 ms MarkObjects: 3.616007 ms  DeleteObjects: 0.471916 ms)

AssetImportParameters requested are different than current active one (requested -> active):
  custom:video-decoder-ogg-theora: a1e56fd34408186e4bbccfd4996cb3dc -> 
  custom:container-muxer-webm: aa71ff27fc2769a1b78a27578f13a17b -> 
  custom:container-demuxer-webm: 4f35f7cbe854078d1ac9338744f61a02 -> 
  custom:video-encoder-webm-vp8: eb34c28f22e8b96e1ab97ce403110664 -> 
  custom:framework-osx-AVFoundation: e770b220cccbd017edd2c1fefb359320 -> 
  custom:audio-encoder-webm-vorbis: bf7c407c2cedff20999df2af8eb42d56 -> 
  custom:container-demuxer-ogg: 62fdf1f143b41e24485cea50d1cbac27 -> 
  custom:video-decoder-webm-vp8: 9c59270c3fd7afecdb556c50c9e8de78 -> 
  custom:audio-decoder-ogg-vorbis: bf7c407c2cedff20999df2af8eb42d56 -> 
========================================================================
Received Prepare
Registering precompiled user dll's ...
Registered in 0.003889 seconds.
Begin MonoManager ReloadAssembly
Symbol file LoadedFromMemory doesn't match image /Users/kes/Downloads/Architecture/Library/PackageCache/com.unity.visualscripting@1.8.0/Editor/VisualScripting.Core/Dependencies/DotNetZip/Unity.VisualScripting.IonicZip.dll
Symbol file LoadedFromMemory doesn't match image /Users/kes/Downloads/Architecture/Library/PackageCache/com.unity.visualscripting@1.8.0/Editor/VisualScripting.Core/Dependencies/YamlDotNet/Unity.VisualScripting.YamlDotNet.dll
Native extension for Android target not found
Native extension for OSXStandalone target not found
Refreshing native plugins compatible for Editor in 1.03 ms, found 2 plugins.
Preloading 0 native plugins for Editor in 0.00 ms.
Mono: successfully reloaded assembly
- Completed reload, in  1.327 seconds
Domain Reload Profiling:
	ReloadAssembly (1327ms)
		BeginReloadAssembly (166ms)
			ExecutionOrderSort (0ms)
			DisableScriptedObjects (5ms)
			BackupInstance (0ms)
			ReleaseScriptingObjects (0ms)
			CreateAndSetChildDomain (71ms)
		EndReloadAssembly (1065ms)
			LoadAssemblies (89ms)
			RebuildTransferFunctionScriptingTraits (0ms)
			SetupTypeCache (354ms)
			ReleaseScriptCaches (2ms)
			RebuildScriptCaches (62ms)
			SetupLoadedEditorAssemblies (441ms)
				LogAssemblyErrors (0ms)
				InitializePlatformSupportModulesInManaged (15ms)
				SetLoadedEditorAssemblies (0ms)
				RefreshPlugins (1ms)
				BeforeProcessingInitializeOnLoad (71ms)
				ProcessInitializeOnLoadAttributes (271ms)
				ProcessInitializeOnLoadMethodAttributes (80ms)
				AfterProcessingInitializeOnLoad (1ms)
				EditorAssembliesLoaded (0ms)
			ExecutionOrderSort2 (0ms)
			AwakeInstancesAfterBackupRestoration (17ms)
Platform modules already initialized, skipping
Refreshing native plugins compatible for Editor in 2.96 ms, found 2 plugins.
Preloading 0 native plugins for Editor in 0.00 ms.
Unloading 5529 Unused Serialized files (Serialized files now loaded: 0)
Unloading 50 unused Assets / (0.6 MB). Loaded Objects now: 6160.
Memory consumption went from 228.5 MB to 227.8 MB.
Total: 4.483709 ms (FindLiveObjects: 0.429907 ms CreateObjectMapping: 0.417808 ms MarkObjects: 3.254040 ms  DeleteObjects: 0.381098 ms)

AssetImportParameters requested are different than current active one (requested -> active):
  custom:video-decoder-ogg-theora: a1e56fd34408186e4bbccfd4996cb3dc -> 
  custom:container-muxer-webm: aa71ff27fc2769a1b78a27578f13a17b -> 
  custom:container-demuxer-webm: 4f35f7cbe854078d1ac9338744f61a02 -> 
  custom:video-encoder-webm-vp8: eb34c28f22e8b96e1ab97ce403110664 -> 
  custom:framework-osx-AVFoundation: e770b220cccbd017edd2c1fefb359320 -> 
  custom:audio-encoder-webm-vorbis: bf7c407c2cedff20999df2af8eb42d56 -> 
  custom:container-demuxer-ogg: 62fdf1f143b41e24485cea50d1cbac27 -> 
  custom:video-decoder-webm-vp8: 9c59270c3fd7afecdb556c50c9e8de78 -> 
  custom:audio-decoder-ogg-vorbis: bf7c407c2cedff20999df2af8eb42d56 -> 
========================================================================
Received Import Request.
  Time since last request: 34.556451 seconds.
  path: Assets/Magic VFX/Magic VFX - Ice (FREE)
  artifactKey: Guid(ee3dcb6a1fc270e4c86aee1b09be92b9) Importer(815301076,1909f56bfc062723c751e8b465ee728b)
Start importing Assets/Magic VFX/Magic VFX - Ice (FREE) using Guid(ee3dcb6a1fc270e4c86aee1b09be92b9) Importer(815301076,1909f56bfc062723c751e8b465ee728b)  -> (artifact id: 'f217869e24d6e0024eb850af64f1861e') in 0.009648 seconds 
========================================================================
Received Import Request.
  Time since last request: 14.684473 seconds.
  path: Assets/Materials/industrial_sunset_puresky_8k.mat
  artifactKey: Guid(07d303aa846c0a94fa513735b2d5f824) Importer(815301076,1909f56bfc062723c751e8b465ee728b)
Start importing Assets/Materials/industrial_sunset_puresky_8k.mat using Guid(07d303aa846c0a94fa513735b2d5f824) Importer(815301076,1909f56bfc062723c751e8b465ee728b)  -> (artifact id: '03172031c35d4b55ebae7de48d4616ea') in 0.408255 seconds 
========================================================================
Received Import Request.
  Time since last request: 39.899487 seconds.
  path: Assets/model-J/China_Garden.fbx
  artifactKey: Guid(0551199b464bc4a1fbe1a023c395d187) Importer(815301076,1909f56bfc062723c751e8b465ee728b)
Start importing Assets/model-J/China_Garden.fbx using Guid(0551199b464bc4a1fbe1a023c395d187) Importer(815301076,1909f56bfc062723c751e8b465ee728b)  -> (artifact id: 'edcb68046eb351408cef43060f3e2617') in 1.795528 seconds 
========================================================================
Received Import Request.
  Time since last request: 2.481502 seconds.
  path: Assets/post processing-J/Global Volume Profile.asset
  artifactKey: Guid(0852e34d9bca44b3aad79527bf8eb63a) Importer(815301076,1909f56bfc062723c751e8b465ee728b)
Start importing Assets/post processing-J/Global Volume Profile.asset using Guid(0852e34d9bca44b3aad79527bf8eb63a) Importer(815301076,1909f56bfc062723c751e8b465ee728b)  -> (artifact id: '4b4538ffafa6ea7b509f5fcf042f9ec5') in 0.003877 seconds 
========================================================================
Received Import Request.
  Time since last request: 43.934894 seconds.
  path: Assets/Scenes/New Scene/Lightmap-0_comp_dir.png
  artifactKey: Guid(9b3678e2ab9b06f4d9023011fc12c621) Importer(815301076,1909f56bfc062723c751e8b465ee728b)
Start importing Assets/Scenes/New Scene/Lightmap-0_comp_dir.png using Guid(9b3678e2ab9b06f4d9023011fc12c621) Importer(815301076,1909f56bfc062723c751e8b465ee728b)  -> (artifact id: '71cc3c768ca6d24953dd503583c6ea25') in 0.076931 seconds 
========================================================================
Received Import Request.
  Time since last request: 0.000084 seconds.
  path: Assets/Scenes/New Scene/Lightmap-13_comp_light.exr
  artifactKey: Guid(f36bdfe28f8d8bb4d940228bb9284721) Importer(815301076,1909f56bfc062723c751e8b465ee728b)
Start importing Assets/Scenes/New Scene/Lightmap-13_comp_light.exr using Guid(f36bdfe28f8d8bb4d940228bb9284721) Importer(815301076,1909f56bfc062723c751e8b465ee728b)  -> (artifact id: '4c2e2ca8c4c77a598d8cdd6c88604248') in 0.675721 seconds 
========================================================================
Received Import Request.
  Time since last request: 0.000108 seconds.
  path: Assets/Scenes/New Scene/Lightmap-14_comp_dir.png
  artifactKey: Guid(409b1adddebacd442aa977efe284e798) Importer(815301076,1909f56bfc062723c751e8b465ee728b)
Start importing Assets/Scenes/New Scene/Lightmap-14_comp_dir.png using Guid(409b1adddebacd442aa977efe284e798) Importer(815301076,1909f56bfc062723c751e8b465ee728b)  -> (artifact id: 'b9a12282f6eaeaefc85f7e5ad10bc282') in 0.055132 seconds 
========================================================================
Received Import Request.
  Time since last request: 0.000055 seconds.
  path: Assets/Scenes/New Scene/Lightmap-5_comp_light.exr
  artifactKey: Guid(df009f70d794ea848bc2786f939d0059) Importer(815301076,1909f56bfc062723c751e8b465ee728b)
Start importing Assets/Scenes/New Scene/Lightmap-5_comp_light.exr using Guid(df009f70d794ea848bc2786f939d0059) Importer(815301076,1909f56bfc062723c751e8b465ee728b)  -> (artifact id: '4bbde52160b4bcd2aa633f5691917e61') in 0.011425 seconds 
========================================================================
Received Import Request.
  Time since last request: 0.000096 seconds.
  path: Assets/Scenes/New Scene/Lightmap-16_comp_dir.png
  artifactKey: Guid(620b17933228dc14e91ed54ab00ebf99) Importer(815301076,1909f56bfc062723c751e8b465ee728b)
Start importing Assets/Scenes/New Scene/Lightmap-16_comp_dir.png using Guid(620b17933228dc14e91ed54ab00ebf99) Importer(815301076,1909f56bfc062723c751e8b465ee728b)  -> (artifact id: 'ad20e3fa6ccfb29cb02359753c3e10c1') in 0.049697 seconds 
========================================================================
Received Import Request.
  Time since last request: 0.000087 seconds.
  path: Assets/Scenes/New Scene/Lightmap-15_comp_light.exr
  artifactKey: Guid(00d52105591febe45bb1ea0637180efc) Importer(815301076,1909f56bfc062723c751e8b465ee728b)
Start importing Assets/Scenes/New Scene/Lightmap-15_comp_light.exr using Guid(00d52105591febe45bb1ea0637180efc) Importer(815301076,1909f56bfc062723c751e8b465ee728b)  -> (artifact id: '85c7da0d543590980779d5db1ff66c04') in 0.073680 seconds 
========================================================================
Received Import Request.
  Time since last request: 0.000096 seconds.
  path: Assets/Scenes/New Scene/Lightmap-6_comp_light.exr
  artifactKey: Guid(b4c1068d0131dac41a9cce08dbb8b7d3) Importer(815301076,1909f56bfc062723c751e8b465ee728b)
Start importing Assets/Scenes/New Scene/Lightmap-6_comp_light.exr using Guid(b4c1068d0131dac41a9cce08dbb8b7d3) Importer(815301076,1909f56bfc062723c751e8b465ee728b)  -> (artifact id: 'd1e1c32317b3c2bb06fbe9b93a52b332') in 0.076047 seconds 
========================================================================
Received Import Request.
  Time since last request: 0.000107 seconds.
  path: Assets/Scenes/New Scene/Lightmap-4_comp_dir.png
  artifactKey: Guid(c857ddad87f618645bfe0c04d81287c0) Importer(815301076,1909f56bfc062723c751e8b465ee728b)
Start importing Assets/Scenes/New Scene/Lightmap-4_comp_dir.png using Guid(c857ddad87f618645bfe0c04d81287c0) Importer(815301076,1909f56bfc062723c751e8b465ee728b)  -> (artifact id: '3e7c0d842455dc1f571fd783dabe08b6') in 0.068680 seconds 
========================================================================
Received Import Request.
  Time since last request: 0.000091 seconds.
  path: Assets/Scenes/New Scene/Lightmap-11_comp_light.exr
  artifactKey: Guid(e11e4edd229a5b44bb65ea1bc053e82b) Importer(815301076,1909f56bfc062723c751e8b465ee728b)
Start importing Assets/Scenes/New Scene/Lightmap-11_comp_light.exr using Guid(e11e4edd229a5b44bb65ea1bc053e82b) Importer(815301076,1909f56bfc062723c751e8b465ee728b)  -> (artifact id: '7b4d3095a43846cc260d7a9feffd298d') in 0.070970 seconds 
========================================================================
Received Import Request.
  Time since last request: 0.000081 seconds.
  path: Assets/Scenes/New Scene/Lightmap-17_comp_light.exr
  artifactKey: Guid(872f81a5193b2c940ae6560722bc9211) Importer(815301076,1909f56bfc062723c751e8b465ee728b)
Start importing Assets/Scenes/New Scene/Lightmap-17_comp_light.exr using Guid(872f81a5193b2c940ae6560722bc9211) Importer(815301076,1909f56bfc062723c751e8b465ee728b)  -> (artifact id: '3c879e43f78ccfba03e647e09cb7cbcb') in 0.071871 seconds 
========================================================================
Received Import Request.
  Time since last request: 0.000077 seconds.
  path: Assets/Scenes/New Scene/Lightmap-11_comp_dir.png
  artifactKey: Guid(bee3814083ec71345ada2a7455ae6777) Importer(815301076,1909f56bfc062723c751e8b465ee728b)
Start importing Assets/Scenes/New Scene/Lightmap-11_comp_dir.png using Guid(bee3814083ec71345ada2a7455ae6777) Importer(815301076,1909f56bfc062723c751e8b465ee728b)  -> (artifact id: 'b15f4ad1c3507bd8c7ca80c1ddffae39') in 0.071748 seconds 
========================================================================
Received Import Request.
  Time since last request: 0.000069 seconds.
  path: Assets/Scenes/New Scene/Lightmap-1_comp_dir.png
  artifactKey: Guid(53136a8feb63ecb4887ea1c365d2f62e) Importer(815301076,1909f56bfc062723c751e8b465ee728b)
Start importing Assets/Scenes/New Scene/Lightmap-1_comp_dir.png using Guid(53136a8feb63ecb4887ea1c365d2f62e) Importer(815301076,1909f56bfc062723c751e8b465ee728b)  -> (artifact id: '4f4067e7cdcf6dfd66acf44fc7aa9970') in 0.071682 seconds 
========================================================================
Received Import Request.
  Time since last request: 0.000083 seconds.
  path: Assets/Scenes/New Scene/Lightmap-2_comp_dir.png
  artifactKey: Guid(54dd519b16de4fe45b16b25acf224966) Importer(815301076,1909f56bfc062723c751e8b465ee728b)
Start importing Assets/Scenes/New Scene/Lightmap-2_comp_dir.png using Guid(54dd519b16de4fe45b16b25acf224966) Importer(815301076,1909f56bfc062723c751e8b465ee728b)  -> (artifact id: 'b4af8f4bd0399c916e4080b37f806637') in 0.070392 seconds 
========================================================================
Received Import Request.
  Time since last request: 0.000083 seconds.
  path: Assets/Scenes/New Scene/Lightmap-17_comp_dir.png
  artifactKey: Guid(42a9deddf431fa941b4b4fd3a9061e25) Importer(815301076,1909f56bfc062723c751e8b465ee728b)
Start importing Assets/Scenes/New Scene/Lightmap-17_comp_dir.png using Guid(42a9deddf431fa941b4b4fd3a9061e25) Importer(815301076,1909f56bfc062723c751e8b465ee728b)  -> (artifact id: '27ce51d48bc2d66a44c92bc58ea6096f') in 0.072318 seconds 
========================================================================
Received Import Request.
  Time since last request: 0.000086 seconds.
  path: Assets/Scenes/New Scene/Lightmap-2_comp_light.exr
  artifactKey: Guid(bc67d677f218b3d4a8968e60b981b3ac) Importer(815301076,1909f56bfc062723c751e8b465ee728b)
Start importing Assets/Scenes/New Scene/Lightmap-2_comp_light.exr using Guid(bc67d677f218b3d4a8968e60b981b3ac) Importer(815301076,1909f56bfc062723c751e8b465ee728b)  -> (artifact id: '4718680e64bc92320163018b399f02f7') in 0.072565 seconds 
Editor requested this worker to shutdown with reason: Scaling down because of idle timeout
AssetImportWorker is now disconnected from the server
Process exiting
