Unity Editor version:    2021.3.21f1 (1b156197d683)
Branch:                  2021.3/staging
Build type:              Release
Batch mode:              YES
macOS version:           Version 12.6.2 (Build 21G320)
Darwin version:          21.6.0
Architecture:            x86_64
Running under Rosetta:   NO
Available memory:        16384 MB
Using pre-set license
Pro License: YES

COMMAND LINE ARGUMENTS:
/Applications/Unity/Hub/Editor/2021.3.21f1/Unity.app/Contents/MacOS/Unity
-adb2
-batchMode
-noUpm
-name
AssetImportWorker0
-projectPath
/Users/kes/Documents/GitHub/JYNB/Teamwork
-logFile
Logs/AssetImportWorker0.log
-srvPort
57627
Successfully changed project path to: /Users/kes/Documents/GitHub/JYNB/Teamwork
/Users/kes/Documents/GitHub/JYNB/Teamwork
[UnityMemory] Configuration Parameters - Can be set up in boot.config
    "memorysetup-bucket-allocator-granularity=16"
    "memorysetup-bucket-allocator-bucket-count=8"
    "memorysetup-bucket-allocator-block-size=33554432"
    "memorysetup-bucket-allocator-block-count=8"
    "memorysetup-main-allocator-block-size=16777216"
    "memorysetup-thread-allocator-block-size=16777216"
    "memorysetup-gfx-main-allocator-block-size=16777216"
    "memorysetup-gfx-thread-allocator-block-size=16777216"
    "memorysetup-cache-allocator-block-size=4194304"
    "memorysetup-typetree-allocator-block-size=2097152"
    "memorysetup-profiler-bucket-allocator-granularity=16"
    "memorysetup-profiler-bucket-allocator-bucket-count=8"
    "memorysetup-profiler-bucket-allocator-block-size=33554432"
    "memorysetup-profiler-bucket-allocator-block-count=8"
    "memorysetup-profiler-allocator-block-size=16777216"
    "memorysetup-profiler-editor-allocator-block-size=1048576"
    "memorysetup-temp-allocator-size-main=16777216"
    "memorysetup-job-temp-allocator-block-size=2097152"
    "memorysetup-job-temp-allocator-block-size-background=1048576"
    "memorysetup-job-temp-allocator-reduction-small-platforms=262144"
    "memorysetup-temp-allocator-size-background-worker=32768"
    "memorysetup-temp-allocator-size-job-worker=262144"
    "memorysetup-temp-allocator-size-preload-manager=33554432"
    "memorysetup-temp-allocator-size-nav-mesh-worker=65536"
    "memorysetup-temp-allocator-size-audio-worker=65536"
    "memorysetup-temp-allocator-size-cloud-worker=32768"
    "memorysetup-temp-allocator-size-gi-baking-worker=262144"
    "memorysetup-temp-allocator-size-gfx=262144"
Player connection [4814956032] Host "[IP] 192.168.0.23 [Port] 0 [Flags] 2 [Guid] 2410980175 [EditorId] 2410980175 [Version] 1048832 [Id] OSXEditor(0,MacBook-Pro) [Debug] 1 [PackageName] OSXEditor [ProjectName] Editor" joined multi-casting on [225.0.0.222:54997]...

Player connection [4814956032] Host "[IP] 192.168.0.23 [Port] 0 [Flags] 2 [Guid] 2410980175 [EditorId] 2410980175 [Version] 1048832 [Id] OSXEditor(0,MacBook-Pro) [Debug] 1 [PackageName] OSXEditor [ProjectName] Editor" joined alternative multi-casting on [225.0.0.222:34997]...

Refreshing native plugins compatible for Editor in 124.82 ms, found 2 plugins.
Preloading 0 native plugins for Editor in 0.00 ms.
Initialize engine version: 2021.3.21f1 (1b156197d683)
[Subsystems] Discovering subsystems at path /Applications/Unity/Hub/Editor/2021.3.21f1/Unity.app/Contents/Resources/UnitySubsystems
[Subsystems] Discovering subsystems at path /Users/kes/Documents/GitHub/JYNB/Teamwork/Assets
GfxDevice: creating device client; threaded=0; jobified=0
Color LCD preferred device: Intel(R) UHD Graphics 630 (low power)
Metal devices available: 2
0: AMD Radeon Pro 5500M (high power)
1: Intel(R) UHD Graphics 630 (low power)
Using device AMD Radeon Pro 5500M (high power)
Initializing Metal device caps: AMD Radeon Pro 5500M
Initialize mono
Mono path[0] = '/Applications/Unity/Hub/Editor/2021.3.21f1/Unity.app/Contents/Managed'
Mono path[1] = '/Applications/Unity/Hub/Editor/2021.3.21f1/Unity.app/Contents/MonoBleedingEdge/lib/mono/unityjit-macos'
Mono config path = '/Applications/Unity/Hub/Editor/2021.3.21f1/Unity.app/Contents/MonoBleedingEdge/etc'
Using monoOptions --debugger-agent=transport=dt_socket,embedding=1,server=y,suspend=n,address=127.0.0.1:56996
Begin MonoManager ReloadAssembly
Registering precompiled unity dll's ...
Register platform support module: /Applications/Unity/Hub/Editor/2021.3.21f1/Unity.app/Contents/PlaybackEngines/MacStandaloneSupport/UnityEditor.OSXStandalone.Extensions.dll
Registered in 0.000655 seconds.
Native extension for OSXStandalone target not found
Refreshing native plugins compatible for Editor in 124.85 ms, found 2 plugins.
Preloading 0 native plugins for Editor in 0.00 ms.
Mono: successfully reloaded assembly
- Completed reload, in  0.770 seconds
Domain Reload Profiling:
	ReloadAssembly (770ms)
		BeginReloadAssembly (90ms)
			ExecutionOrderSort (0ms)
			DisableScriptedObjects (0ms)
			BackupInstance (0ms)
			ReleaseScriptingObjects (0ms)
			CreateAndSetChildDomain (1ms)
		EndReloadAssembly (573ms)
			LoadAssemblies (89ms)
			RebuildTransferFunctionScriptingTraits (0ms)
			SetupTypeCache (144ms)
			ReleaseScriptCaches (0ms)
			RebuildScriptCaches (34ms)
			SetupLoadedEditorAssemblies (339ms)
				LogAssemblyErrors (0ms)
				InitializePlatformSupportModulesInManaged (7ms)
				SetLoadedEditorAssemblies (0ms)
				RefreshPlugins (125ms)
				BeforeProcessingInitializeOnLoad (2ms)
				ProcessInitializeOnLoadAttributes (160ms)
				ProcessInitializeOnLoadMethodAttributes (45ms)
				AfterProcessingInitializeOnLoad (0ms)
				EditorAssembliesLoaded (0ms)
			ExecutionOrderSort2 (0ms)
			AwakeInstancesAfterBackupRestoration (0ms)
Platform modules already initialized, skipping
Registering precompiled user dll's ...
Registered in 0.001953 seconds.
Begin MonoManager ReloadAssembly
Symbol file LoadedFromMemory doesn't match image /Users/kes/Documents/GitHub/JYNB/Teamwork/Library/PackageCache/com.unity.visualscripting@1.8.0/Editor/VisualScripting.Core/Dependencies/YamlDotNet/Unity.VisualScripting.YamlDotNet.dll
Symbol file LoadedFromMemory doesn't match image /Users/kes/Documents/GitHub/JYNB/Teamwork/Library/PackageCache/com.unity.visualscripting@1.8.0/Editor/VisualScripting.Core/Dependencies/DotNetZip/Unity.VisualScripting.IonicZip.dll
Native extension for OSXStandalone target not found
Refreshing native plugins compatible for Editor in 105.40 ms, found 2 plugins.
Preloading 0 native plugins for Editor in 0.00 ms.
Mono: successfully reloaded assembly
- Completed reload, in  1.618 seconds
Domain Reload Profiling:
	ReloadAssembly (1619ms)
		BeginReloadAssembly (218ms)
			ExecutionOrderSort (0ms)
			DisableScriptedObjects (11ms)
			BackupInstance (0ms)
			ReleaseScriptingObjects (0ms)
			CreateAndSetChildDomain (46ms)
		EndReloadAssembly (1208ms)
			LoadAssemblies (148ms)
			RebuildTransferFunctionScriptingTraits (0ms)
			SetupTypeCache (394ms)
			ReleaseScriptCaches (1ms)
			RebuildScriptCaches (79ms)
			SetupLoadedEditorAssemblies (594ms)
				LogAssemblyErrors (0ms)
				InitializePlatformSupportModulesInManaged (3ms)
				SetLoadedEditorAssemblies (0ms)
				RefreshPlugins (105ms)
				BeforeProcessingInitializeOnLoad (97ms)
				ProcessInitializeOnLoadAttributes (293ms)
				ProcessInitializeOnLoadMethodAttributes (95ms)
				AfterProcessingInitializeOnLoad (1ms)
				EditorAssembliesLoaded (0ms)
			ExecutionOrderSort2 (0ms)
			AwakeInstancesAfterBackupRestoration (4ms)
Platform modules already initialized, skipping
========================================================================
Worker process is ready to serve import requests
Launching external process: /Applications/Unity/Hub/Editor/2021.3.21f1/Unity.app/Contents/Tools/UnityShaderCompiler
Launched and connected shader compiler UnityShaderCompiler after 0.07 seconds
Refreshing native plugins compatible for Editor in 0.73 ms, found 2 plugins.
Preloading 0 native plugins for Editor in 0.00 ms.
Unloading 4704 Unused Serialized files (Serialized files now loaded: 0)
Unloading 32 unused Assets / (0.7 MB). Loaded Objects now: 5159.
Memory consumption went from 184.9 MB to 184.2 MB.
Total: 7.413780 ms (FindLiveObjects: 0.552546 ms CreateObjectMapping: 0.501236 ms MarkObjects: 5.802082 ms  DeleteObjects: 0.556345 ms)

AssetImportParameters requested are different than current active one (requested -> active):
  custom:video-decoder-ogg-theora: a1e56fd34408186e4bbccfd4996cb3dc -> 
  custom:container-muxer-webm: aa71ff27fc2769a1b78a27578f13a17b -> 
  custom:container-demuxer-webm: 4f35f7cbe854078d1ac9338744f61a02 -> 
  custom:video-encoder-webm-vp8: eb34c28f22e8b96e1ab97ce403110664 -> 
  custom:framework-osx-AVFoundation: e770b220cccbd017edd2c1fefb359320 -> 
  custom:audio-encoder-webm-vorbis: bf7c407c2cedff20999df2af8eb42d56 -> 
  custom:container-demuxer-ogg: 62fdf1f143b41e24485cea50d1cbac27 -> 
  custom:video-decoder-webm-vp8: 9c59270c3fd7afecdb556c50c9e8de78 -> 
  custom:audio-decoder-ogg-vorbis: bf7c407c2cedff20999df2af8eb42d56 -> 
========================================================================
Received Import Request.
  Time since last request: 40265.148025 seconds.
  path: Assets/Yan/audio/music
  artifactKey: Guid(134d8c7f021b541a48511d7f41db1e41) Importer(815301076,1909f56bfc062723c751e8b465ee728b)
Start importing Assets/Yan/audio/music using Guid(134d8c7f021b541a48511d7f41db1e41) Importer(815301076,1909f56bfc062723c751e8b465ee728b)  -> (artifact id: 'c21236c5bfc706f8f953fe193992b6f8') in 0.009232 seconds 
========================================================================
Received Import Request.
  Time since last request: 9.327781 seconds.
  path: Assets/Yan/level/scenes/Yan object2.unity
  artifactKey: Guid(ef8255bae7991426d990e6ef2a3caef4) Importer(815301076,1909f56bfc062723c751e8b465ee728b)
Start importing Assets/Yan/level/scenes/Yan object2.unity using Guid(ef8255bae7991426d990e6ef2a3caef4) Importer(815301076,1909f56bfc062723c751e8b465ee728b)  -> (artifact id: '3965ec98c5b4e9d8b899a8f0367aa2b5') in 0.000991 seconds 
========================================================================
Received Import Request.
  Time since last request: 0.847254 seconds.
  path: Assets/Yan/level/scenes/yan.3.unity
  artifactKey: Guid(dce53dcfbcc4a4bc18ad109c7e695f0d) Importer(815301076,1909f56bfc062723c751e8b465ee728b)
Start importing Assets/Yan/level/scenes/yan.3.unity using Guid(dce53dcfbcc4a4bc18ad109c7e695f0d) Importer(815301076,1909f56bfc062723c751e8b465ee728b)  -> (artifact id: 'eaede6cb0b95bbde547eb31216974bfc') in 0.000828 seconds 
========================================================================
Received Import Request.
  Time since last request: 2.182208 seconds.
  path: Assets/Yan/level/scenes/Yan.unity
  artifactKey: Guid(68f58dd0471ee4159ae68962a24415d3) Importer(815301076,1909f56bfc062723c751e8b465ee728b)
Start importing Assets/Yan/level/scenes/Yan.unity using Guid(68f58dd0471ee4159ae68962a24415d3) Importer(815301076,1909f56bfc062723c751e8b465ee728b)  -> (artifact id: '86c6be5f6187be8c8b8e8f16d83a893f') in 0.001033 seconds 
========================================================================
Received Import Request.
  Time since last request: 31.552332 seconds.
  path: Assets/Jiayu/Level/Scenes
  artifactKey: Guid(9c53962885c2c4f449125a979d6ad240) Importer(815301076,1909f56bfc062723c751e8b465ee728b)
Start importing Assets/Jiayu/Level/Scenes using Guid(9c53962885c2c4f449125a979d6ad240) Importer(815301076,1909f56bfc062723c751e8b465ee728b)  -> (artifact id: '7f1480ff4af096e12daf936c2b57b168') in 0.001135 seconds 
========================================================================
Received Import Request.
  Time since last request: 1.552326 seconds.
  path: Assets/Jiayu/Level/Scenes/JIAYU-Meme.unity
  artifactKey: Guid(48c54b3d69f1e40acbec981091f64213) Importer(815301076,1909f56bfc062723c751e8b465ee728b)
Start importing Assets/Jiayu/Level/Scenes/JIAYU-Meme.unity using Guid(48c54b3d69f1e40acbec981091f64213) Importer(815301076,1909f56bfc062723c751e8b465ee728b)  -> (artifact id: '0237db329c2bd877ae7554c551714229') in 0.001050 seconds 
========================================================================
Received Import Request.
  Time since last request: 54.041617 seconds.
  path: Assets/Yan/art/models/yamaha/Yamaha_Rm1X_Remesh_final_0align.obj
  artifactKey: Guid(6a48694c9fecd4ba19f2f0e84ed0d040) Importer(815301076,1909f56bfc062723c751e8b465ee728b)
Start importing Assets/Yan/art/models/yamaha/Yamaha_Rm1X_Remesh_final_0align.obj using Guid(6a48694c9fecd4ba19f2f0e84ed0d040) Importer(815301076,1909f56bfc062723c751e8b465ee728b)  -> (artifact id: '99bb13efb97efd72f6aabb2bcfa7d16c') in 2.235989 seconds 
========================================================================
Received Import Request.
  Time since last request: 24.079880 seconds.
  path: Assets/Yan/art/textures/yamaha
  artifactKey: Guid(663afd8d19c654e069cb964261ff7b6b) Importer(815301076,1909f56bfc062723c751e8b465ee728b)
Start importing Assets/Yan/art/textures/yamaha using Guid(663afd8d19c654e069cb964261ff7b6b) Importer(815301076,1909f56bfc062723c751e8b465ee728b)  -> (artifact id: 'cf16a53a30559f3fa7c360fe1f30172d') in 0.001273 seconds 
========================================================================
Received Import Request.
  Time since last request: 1.078117 seconds.
  path: Assets/Yan/art/textures/yamaha/Yamaha_Rm1X_Remesh_final.jpg
  artifactKey: Guid(587775910e86b4ab9b581b85d78798f3) Importer(815301076,1909f56bfc062723c751e8b465ee728b)
Start importing Assets/Yan/art/textures/yamaha/Yamaha_Rm1X_Remesh_final.jpg using Guid(587775910e86b4ab9b581b85d78798f3) Importer(815301076,1909f56bfc062723c751e8b465ee728b)  -> (artifact id: '74b87f6c04c2b919f33094288854b928') in 1.020838 seconds 
========================================================================
Received Import Request.
  Time since last request: 0.847549 seconds.
  path: Assets/Yan/art/textures/yamaha/Materials
  artifactKey: Guid(417f10b84af3d459fad9dd7c7e8190de) Importer(815301076,1909f56bfc062723c751e8b465ee728b)
Start importing Assets/Yan/art/textures/yamaha/Materials using Guid(417f10b84af3d459fad9dd7c7e8190de) Importer(815301076,1909f56bfc062723c751e8b465ee728b)  -> (artifact id: '77fbc591b4c2be67c8c69d5680856f7c') in 0.000971 seconds 
========================================================================
Received Import Request.
  Time since last request: 245.372812 seconds.
  path: Assets/Yan/audio/music/复活.wav
  artifactKey: Guid(8c88cd94b8a2b426390002110aa31e01) Importer(815301076,1909f56bfc062723c751e8b465ee728b)
Start importing Assets/Yan/audio/music/复活.wav using Guid(8c88cd94b8a2b426390002110aa31e01) Importer(815301076,1909f56bfc062723c751e8b465ee728b)  -> (artifact id: '5e1bbd5bc215750f6b279189b3b081cc') in 1.183593 seconds 
========================================================================
Received Prepare
Registering precompiled user dll's ...
Registered in 0.002236 seconds.
Begin MonoManager ReloadAssembly
Symbol file LoadedFromMemory doesn't match image /Users/kes/Documents/GitHub/JYNB/Teamwork/Library/PackageCache/com.unity.visualscripting@1.8.0/Editor/VisualScripting.Core/Dependencies/YamlDotNet/Unity.VisualScripting.YamlDotNet.dll
Symbol file LoadedFromMemory doesn't match image /Users/kes/Documents/GitHub/JYNB/Teamwork/Library/PackageCache/com.unity.visualscripting@1.8.0/Editor/VisualScripting.Core/Dependencies/DotNetZip/Unity.VisualScripting.IonicZip.dll
Native extension for OSXStandalone target not found
Refreshing native plugins compatible for Editor in 0.80 ms, found 2 plugins.
Preloading 0 native plugins for Editor in 0.00 ms.
Mono: successfully reloaded assembly
- Completed reload, in  1.367 seconds
Domain Reload Profiling:
	ReloadAssembly (1367ms)
		BeginReloadAssembly (178ms)
			ExecutionOrderSort (0ms)
			DisableScriptedObjects (15ms)
			BackupInstance (0ms)
			ReleaseScriptingObjects (0ms)
			CreateAndSetChildDomain (70ms)
		EndReloadAssembly (1074ms)
			LoadAssemblies (82ms)
			RebuildTransferFunctionScriptingTraits (1ms)
			SetupTypeCache (362ms)
			ReleaseScriptCaches (2ms)
			RebuildScriptCaches (57ms)
			SetupLoadedEditorAssemblies (466ms)
				LogAssemblyErrors (0ms)
				InitializePlatformSupportModulesInManaged (4ms)
				SetLoadedEditorAssemblies (1ms)
				RefreshPlugins (1ms)
				BeforeProcessingInitializeOnLoad (93ms)
				ProcessInitializeOnLoadAttributes (274ms)
				ProcessInitializeOnLoadMethodAttributes (92ms)
				AfterProcessingInitializeOnLoad (1ms)
				EditorAssembliesLoaded (0ms)
			ExecutionOrderSort2 (0ms)
			AwakeInstancesAfterBackupRestoration (26ms)
Platform modules already initialized, skipping
Refreshing native plugins compatible for Editor in 1.95 ms, found 2 plugins.
Preloading 0 native plugins for Editor in 0.00 ms.
Unloading 4588 Unused Serialized files (Serialized files now loaded: 0)
Unloading 25 unused Assets / (0.6 MB). Loaded Objects now: 5264.
Memory consumption went from 193.5 MB to 192.9 MB.
Total: 5.406486 ms (FindLiveObjects: 0.674246 ms CreateObjectMapping: 0.481741 ms MarkObjects: 3.883177 ms  DeleteObjects: 0.366402 ms)

AssetImportParameters requested are different than current active one (requested -> active):
  custom:video-decoder-ogg-theora: a1e56fd34408186e4bbccfd4996cb3dc -> 
  custom:container-muxer-webm: aa71ff27fc2769a1b78a27578f13a17b -> 
  custom:container-demuxer-webm: 4f35f7cbe854078d1ac9338744f61a02 -> 
  custom:video-encoder-webm-vp8: eb34c28f22e8b96e1ab97ce403110664 -> 
  custom:framework-osx-AVFoundation: e770b220cccbd017edd2c1fefb359320 -> 
  custom:audio-encoder-webm-vorbis: bf7c407c2cedff20999df2af8eb42d56 -> 
  custom:container-demuxer-ogg: 62fdf1f143b41e24485cea50d1cbac27 -> 
  custom:video-decoder-webm-vp8: 9c59270c3fd7afecdb556c50c9e8de78 -> 
  custom:audio-decoder-ogg-vorbis: bf7c407c2cedff20999df2af8eb42d56 -> 
